Build started 12.08.2016 23:31:11.
     1>Project "C:\Users\Andrzej\Dropbox\C++\Клавиатурный тренажер\Menu\Menu.vcxproj" on node 2 (Build target(s)).
     1>ClCompile:
         D:\Program Files (x86)\Visual Studio 2015\VC\bin\CL.exe /c /ZI /nologo /W3 /WX- /sdl /Od /Oy- /D WIN32 /D _DEBUG /D _CONSOLE /D _LIB /D _UNICODE /D UNICODE /Gm /EHsc /RTC1 /MDd /GS /fp:precise /Zc:wchar_t /Zc:forScope /Zc:inline /Fo"Debug\\" /Fd"Debug\vc140.pdb" /Gd /TP /analyze- /errorReport:prompt ConsoleLib.cpp Main.cpp
         Main.cpp
     1>c:\users\andrzej\dropbox\c++\клавиатурный тренажер\menu\main.cpp(162): warning C4309: 'argument': truncation of constant value
     1>c:\users\andrzej\dropbox\c++\клавиатурный тренажер\menu\main.cpp(163): warning C4309: 'argument': truncation of constant value
     1>c:\users\andrzej\dropbox\c++\клавиатурный тренажер\menu\main.cpp(164): warning C4309: 'argument': truncation of constant value
     1>c:\users\andrzej\dropbox\c++\клавиатурный тренажер\menu\main.cpp(165): warning C4309: 'argument': truncation of constant value
     1>c:\users\andrzej\dropbox\c++\клавиатурный тренажер\menu\main.cpp(166): warning C4309: 'argument': truncation of constant value
         ConsoleLib.cpp
     1>c:\users\andrzej\dropbox\c++\клавиатурный тренажер\menu\consolelib.cpp(41): warning C4838: conversion from 'int' to 'SHORT' requires a narrowing conversion
     1>c:\users\andrzej\dropbox\c++\клавиатурный тренажер\menu\consolelib.cpp(70): warning C4838: conversion from 'int' to 'SHORT' requires a narrowing conversion
         Generating Code...
     1>c:\users\andrzej\dropbox\c++\клавиатурный тренажер\menu\main.cpp(215): warning C4715: 'MenuWish': not all control paths return a value
     1>c:\users\andrzej\dropbox\c++\клавиатурный тренажер\menu\main.cpp(411): warning C4715: 'NotMain': not all control paths return a value
     1>c:\users\andrzej\dropbox\c++\клавиатурный тренажер\menu\main.cpp(864): warning C4715: 'ShiftLetter': not all control paths return a value
     1>c:\users\andrzej\dropbox\c++\клавиатурный тренажер\menu\main.cpp(1163): warning C4715: 'MenuLife': not all control paths return a value
     1>c:\users\andrzej\dropbox\c++\клавиатурный тренажер\menu\main.cpp(280): warning C4715: 'MenuQuit': not all control paths return a value
     1>c:\users\andrzej\dropbox\c++\клавиатурный тренажер\menu\main.cpp(1637): warning C4715: 'MenuSpeed': not all control paths return a value
     1>c:\users\andrzej\dropbox\c++\клавиатурный тренажер\menu\main.cpp(1474): warning C4715: 'MenuSpeedOptions': not all control paths return a value
       Link:
         D:\Program Files (x86)\Visual Studio 2015\VC\bin\link.exe /ERRORREPORT:PROMPT /OUT:"C:\Users\Andrzej\Dropbox\C++\Клавиатурный тренажер\Menu\Debug\Menu.exe" /INCREMENTAL /NOLOGO kernel32.lib user32.lib gdi32.lib winspool.lib comdlg32.lib advapi32.lib shell32.lib ole32.lib oleaut32.lib uuid.lib odbc32.lib odbccp32.lib /MANIFEST /MANIFESTUAC:"level='asInvoker' uiAccess='false'" /manifest:embed /Debug /PDB:"C:\Users\Andrzej\Dropbox\C++\Клавиатурный тренажер\Menu\Debug\Menu.pdb" /SUBSYSTEM:CONSOLE /TLBID:1 /DYNAMICBASE /NXCOMPAT /IMPLIB:"C:\Users\Andrzej\Dropbox\C++\Клавиатурный тренажер\Menu\Debug\Menu.lib" /MACHINE:X86 Debug\ConsoleLib.obj
         Debug\Main.obj
         Menu.vcxproj -> C:\Users\Andrzej\Dropbox\C++\Клавиатурный тренажер\Menu\Debug\Menu.exe
     1>Done Building Project "C:\Users\Andrzej\Dropbox\C++\Клавиатурный тренажер\Menu\Menu.vcxproj" (Build target(s)).

Build succeeded.

Time Elapsed 00:00:01.97
